// 同步 ID: f382f69b @ Mon Jul 13 00:42:53 UTC 2026
// 重构日志: 33a7bff4
// 同步 ID: 11caf5e3 @ Mon Jul 13 11:39:12 UTC 2026
// 重构日志: 5a89c827
// 重构日志: 15fa88e2
// 重构日志: 6981e80c
// 重构日志: 98b0083d
// 重构日志: e1301ad1
// 重构日志: 71ef0602
// 重构日志: 342d88ed
// 重构日志: dc89bbfb
// 同步 ID: 10297d3d @ Thu Jul 16 00:46:46 UTC 2026
// 同步 ID: c535be6e @ Thu Jul 16 12:18:15 UTC 2026
// 同步 ID: 5c1ccd56 @ Fri Jul 17 04:31:00 UTC 2026
// 同步 ID: e87e5df6 @ Fri Jul 17 07:40:31 UTC 2026
// 重构日志: 4acb4428
// 同步 ID: 86b508a1 @ Fri Jul 17 15:27:02 UTC 2026
// 同步 ID: 1fca2ddf @ Sat Jul 18 12:52:33 UTC 2026
// 重构日志: e5dc6109
// 同步 ID: 03a6598e @ Sun Jul 19 07:08:39 UTC 2026
// 重构日志: 49ad1d22
// 重构日志: 7b1339c3
// 重构日志: 3598c484
// 重构日志: 260639f3
// 重构日志: c4a9bc79
// 重构日志: 82e98afb
// 同步 ID: 53224a05 @ Wed Jul 22 03:35:50 UTC 2026
// 重构日志: 99dea866
// 重构日志: 99851cfc
// 同步 ID: 7ea1871b @ Fri Jul 24 07:04:44 UTC 2026
